<?xml version="1.0" encoding="UTF-8"?>
<!-- Generated by org.testng.reporters.JUnitReportReporter -->
<testsuite hostname="LTAU002339" failures="0" tests="1" name="testCases.TC001_AccountRegistrationTest" time="1.919" errors="0" timestamp="2024-08-29T11:40:57 AEST" skipped="0">
  <testcase classname="testCases.TC001_AccountRegistrationTest" name="Registration" time="1.919"/>
  <system-out/>
</testsuite> <!-- testCases.TC001_AccountRegistrationTest -->
