<?xml version="1.0" encoding="UTF-8"?>
<!-- Generated by org.testng.reporters.JUnitReportReporter -->
<testsuite hostname="LTAU002339" failures="0" tests="1" name="testCases.TC002_LoginTest" time="1.222" errors="0" timestamp="2024-08-29T11:40:57 AEST" skipped="0">
  <testcase classname="testCases.TC002_LoginTest" name="LoginMethod" time="1.222"/>
  <system-out/>
</testsuite> <!-- testCases.TC002_LoginTest -->
